<?xml version="1.0" encoding="UTF-8"?>
<!-- Generated by org.testng.reporters.JUnitReportReporter -->
<testsuite skipped="0" hostname="DESKTOP-MI5D1LI" name="Scenario_Component.Invalid_Login" tests="1" failures="0" timestamp="15 Jan 2018 07:04:11 GMT" time="10.017" errors="0">
  <testcase name="testInvalidLogin" time="10.017" classname="Scenario_Component.Invalid_Login"/>
</testsuite> <!-- Scenario_Component.Invalid_Login -->
